Estacionamento: Avenida
Cliente: Cliente18 - 000.111.222-33
Veiculos:
PLO-7915

Cliente: Cliente10 - 888.999.000-11
Veiculos:
OPL-3579

Cliente: Cliente33 - 111.222.333-44
Veiculos:
ASD-2460

Cliente: Cliente19 - 666.777.888-99
Veiculos:
QWE-8026

Cliente: Cliente5 - 999.888.777-66
Veiculos:
ZXC-1357

Cliente: Cliente30 - 000.111.222-33
Veiculos:
ZXC-9137

Cliente: Cliente32 - 444.555.666-77
Veiculos:
QWE-1359

Cliente: Cliente25 - 666.777.888-99
Veiculos:
BVC-4682

Cliente: Cliente1 - 123.456.789-01
Veiculos:
ABC-1234

Cliente: Cliente22 - 888.999.000-11
Veiculos:
UJI-1359

Cliente: Cliente23 - 333.444.555-66
Veiculos:
OPL-2460

Cliente: Cliente24 - 000.111.222-33
Veiculos:
WSX-3571

Cliente: Cliente11 - 333.444.555-66
Veiculos:
KMN-8642

Cliente: Cliente9 - 222.333.444-55
Veiculos:
UJI-1592

Cliente: Cliente40 - 888.999.000-11
Veiculos:
YHN-9137

Cliente: Cliente29 - 333.444.555-66
Veiculos:
MJU-8026

Cliente: Cliente39 - 111.222.333-44
Veiculos:
LKJ-8026

Cliente: Luis - 654321
Veiculos:
ADA963

Cliente: Cliente4 - 555.666.777-88
Veiculos:
ASD-2468

Cliente: Cliente17 - 333.444.555-66
Veiculos:
ZXC-6804

Cliente: Cliente37 - 666.777.888-99
Veiculos:
BVC-6804

Cliente: Cliente34 - 888.999.000-11
Veiculos:
UJI-3571

Cliente: Cliente42 - 000.111.222-33
Veiculos:
ZXC-1359

Cliente: Cliente47 - 333.444.555-66
Veiculos:
OPL-6804

Cliente: Cliente13 - 666.777.888-99
Veiculos:
POI-2468

Cliente: Cliente28 - 888.999.000-11
Veiculos:
YHN-7915

Cliente: Cliente27 - 111.222.333-44
Veiculos:
LKJ-6804

Cliente: Cliente44 - 444.555.666-77
Veiculos:
QWE-3571

Cliente: Cliente15 - 111.222.333-44
Veiculos:
YHN-4682

Cliente: Cliente36 - 000.111.222-33
Veiculos:
WSX-5793

Cliente: Cliente20 - 444.555.666-77
Veiculos:
ASD-9137


Estacionamento: Savassi
Cliente: Cliente7 - 777.888.999-00
Veiculos:
WSX-9876

Cliente: Cliente46 - 888.999.000-11
Veiculos:
UJI-5793

Cliente: Cliente6 - 444.333.222-11
Veiculos:
QAZ-2468

Cliente: Cliente43 - 666.777.888-99
Veiculos:
PLO-2460

Cliente: Cliente8 - 666.555.444-33
Veiculos:
EDX-7531

Cliente: Cliente45 - 111.222.333-44
Veiculos:
ASD-4682

Cliente: Cliente2 - 987.654.321-09
Veiculos:
XYZ-5678

Cliente: Cliente41 - 333.444.555-66
Veiculos:
MJU-0248


Estacionamento: Pampulha
Cliente: Cliente3 - 111.222.333-44
Veiculos:
QWE-7890

Cliente: Cliente14 - 444.555.666-77
Veiculos:
LKJ-3579

Cliente: Cliente21 - 111.222.333-44
Veiculos:
LKJ-0248

Cliente: Cliente31 - 666.777.888-99
Veiculos:
PLO-0248

Cliente: Cliente38 - 444.555.666-77
Veiculos:
POI-7915

Cliente: Cliente16 - 888.999.000-11
Veiculos:
MJU-5793

Cliente: Cliente26 - 444.555.666-77
Veiculos:
POI-5793

Cliente: Cliente35 - 333.444.555-66
Veiculos:
OPL-4682

Cliente: Cliente12 - 000.111.222-33
Veiculos:
BVC-9513


